  Assembling Text.asm...
C:\Irvine\SmallWin.inc(10): error A2008: syntax error : .
C:\Irvine\SmallWin.inc(11): error A2008: syntax error : .
C:\Irvine\SmallWin.inc(12): error A2008: syntax error : .
C:\Irvine\SmallWin.inc(299): error A2008: syntax error : ,
C:\Irvine\SmallWin.inc(302): error A2008: syntax error : ,
C:\Irvine\SmallWin.inc(311): error A2008: syntax error : ,
C:\Irvine\SmallWin.inc(314): error A2008: syntax error : ,
C:\Irvine\SmallWin.inc(318): error A2008: syntax error : ,
C:\Irvine\SmallWin.inc(323): error A2008: syntax error : ,
C:\Irvine\SmallWin.inc(332): error A2008: syntax error : ,
C:\Irvine\SmallWin.inc(339): error A2008: syntax error : ,
C:\Irvine\SmallWin.inc(343): error A2008: syntax error : ,
C:\Irvine\SmallWin.inc(347): error A2008: syntax error : ,
C:\Irvine\SmallWin.inc(351): error A2008: syntax error : ,
C:\Irvine\SmallWin.inc(357): error A2008: syntax error : ,
C:\Irvine\SmallWin.inc(362): error A2008: syntax error : ,
C:\Irvine\SmallWin.inc(365): error A2008: syntax error : ,
C:\Irvine\SmallWin.inc(369): error A2008: syntax error : ,
C:\Irvine\SmallWin.inc(372): error A2008: syntax error : ,
C:\Irvine\SmallWin.inc(380): error A2008: syntax error : ,
C:\Irvine\SmallWin.inc(385): error A2008: syntax error : ,
C:\Irvine\SmallWin.inc(390): error A2008: syntax error : ,
C:\Irvine\SmallWin.inc(393): error A2008: syntax error : ,
C:\Irvine\SmallWin.inc(398): error A2008: syntax error : ,
C:\Irvine\SmallWin.inc(403): error A2008: syntax error : ,
C:\Irvine\SmallWin.inc(406): error A2008: syntax error : ,
C:\Irvine\SmallWin.inc(412): error A2008: syntax error : ,
C:\Irvine\SmallWin.inc(418): error A2008: syntax error : ,
C:\Irvine\SmallWin.inc(421): error A2008: syntax error : ,
C:\Irvine\SmallWin.inc(428): error A2008: syntax error : ,
C:\Irvine\SmallWin.inc(434): error A2008: syntax error : ,
C:\Irvine\SmallWin.inc(441): error A2008: syntax error : ,
C:\Irvine\SmallWin.inc(444): error A2008: syntax error : ,
C:\Irvine\SmallWin.inc(448): error A2008: syntax error : ,
C:\Irvine\SmallWin.inc(452): error A2008: syntax error : ,
C:\Irvine\SmallWin.inc(456): error A2008: syntax error : ,
C:\Irvine\SmallWin.inc(460): error A2008: syntax error : ,
C:\Irvine\SmallWin.inc(464): error A2008: syntax error : ,
C:\Irvine\SmallWin.inc(467): error A2008: syntax error : ,
C:\Irvine\SmallWin.inc(472): error A2008: syntax error : ,
C:\Irvine\SmallWin.inc(478): error A2008: syntax error : ,
C:\Irvine\SmallWin.inc(481): error A2008: syntax error : ,
C:\Irvine\SmallWin.inc(484): error A2008: syntax error : ,
C:\Irvine\SmallWin.inc(488): error A2008: syntax error : ,
C:\Irvine\SmallWin.inc(495): error A2008: syntax error : ,
C:\Irvine\SmallWin.inc(502): error A2008: syntax error : ,
C:\Irvine\SmallWin.inc(509): error A2008: syntax error : ,
C:\Irvine\SmallWin.inc(516): error A2008: syntax error : near
C:\Irvine\Irvine32.inc(22): error A2008: syntax error : ,
C:\Irvine\Irvine32.inc(66): error A2008: syntax error : ,
C:\Irvine\Irvine32.inc(71): error A2008: syntax error : ,
C:\Irvine\Irvine32.inc(76): error A2008: syntax error : ,
C:\Irvine\Irvine32.inc(82): error A2008: syntax error : ,
C:\Irvine\Irvine32.inc(87): error A2008: syntax error : ,
C:\Irvine\Irvine32.inc(93): error A2008: syntax error : ,
C:\Irvine\Irvine32.inc(99): error A2008: syntax error : ,
Text.asm(5): error A2008: syntax error : ,
Text.asm(99): error A2008: syntax error : INVOKE
Text.asm(199): error A2008: syntax error : INVOKE
Text.asm(200): error A2008: syntax error : invoke
Text.asm(201): error A2008: syntax error : INVOKE
Text.asm(230): error A2070: invalid instruction operands
Text.asm(231): error A2070: invalid instruction operands
Text.asm(328): error A2070: invalid instruction operands
Text.asm(329): error A2070: invalid instruction operands
Text.asm(430): error A2070: invalid instruction operands
Text.asm(431): error A2070: invalid instruction operands
Text.asm(530): error A2070: invalid instruction operands
Text.asm(531): error A2070: invalid instruction operands
Text.asm(628): error A2070: invalid instruction operands
Text.asm(629): error A2070: invalid instruction operands
Text.asm(806): error A2070: invalid instruction operands
Text.asm(807): error A2070: invalid instruction operands
Text.asm(819): error A2070: invalid instruction operands
Text.asm(820): error A2070: invalid instruction operands
Text.asm(824): error A2008: syntax error : main
Text.asm(824): error A2088: END directive required at end of file
Text.asm(808): error A2022: instruction operands must be the same size
C:\Program Files\Microsoft Visual Studio\2022\Community\MSBuild\Microsoft\VC\v170\BuildCustomizations\masm.targets(70,5): error MSB3721: The command "ml64.exe /c /nologo /Zi /Fo"coal project\x64\Debug\Text.obj" /I "C:\Irvine" /W3 /errorReport:prompt  /TaText.asm" exited with code 1.
